\BOOKMARK [1][-]{section.1}{\376\377\121\154\164\006\123\026\176\323\147\204}{}% 1
\BOOKMARK [2][-]{subsection.1.1}{\376\377\116\213\116\366\127\337}{section.1}% 2
\BOOKMARK [2][-]{subsection.1.2}{\376\377\151\202\163\207}{section.1}% 3
\BOOKMARK [2][-]{subsection.1.3}{\376\377\151\202\163\207\172\172\225\364}{section.1}% 4
\BOOKMARK [1][-]{section.2}{\376\377\147\141\116\366\151\202\163\207\116\016\176\337\213\241\162\354\172\313\140\047}{}% 5
\BOOKMARK [2][-]{subsection.2.1}{\376\377\147\141\116\366\151\202\163\207}{section.2}% 6
\BOOKMARK [2][-]{subsection.2.2}{\376\377\116\213\116\366\162\354\172\313\140\047}{section.2}% 7
\BOOKMARK [2][-]{subsection.2.3}{\376\377\117\057\122\252\122\051\213\325\232\214}{section.2}% 8
\BOOKMARK [2][-]{subsection.2.4}{\376\377\116\214\230\171\122\006\136\003\116\016\154\312\147\176\122\006\136\003}{section.2}% 9
\BOOKMARK [1][-]{section.3}{\376\377\226\217\147\072\123\330\221\317\116\016\122\006\136\003\121\375\145\160}{}% 10
\BOOKMARK [2][-]{subsection.3.1}{\376\377\226\217\147\072\123\330\221\317\123\312\121\166\122\006\136\003}{section.3}% 11
\BOOKMARK [2][-]{subsection.3.2}{\376\377\153\143\140\001\122\006\136\003\000,\000\040\143\007\145\160\122\006\136\003\000,\000\040\000\040\122\006\136\003}{section.3}% 12
\BOOKMARK [2][-]{subsection.3.3}{\376\377\226\217\147\072\124\021\221\317\000,\000\040\200\124\124\010\122\006\136\003\121\375\145\160}{section.3}% 13
\BOOKMARK [2][-]{subsection.3.4}{\376\377\217\271\226\105\122\006\136\003\000,\000\040\147\141\116\366\122\006\136\003}{section.3}% 14
\BOOKMARK [2][-]{subsection.3.5}{\376\377\226\217\147\072\123\330\221\317\166\204\162\354\172\313\140\047}{section.3}% 15
\BOOKMARK [2][-]{subsection.3.6}{\376\377\226\217\147\072\123\330\221\317\166\204\121\375\145\160\123\312\121\166\122\006\136\003}{section.3}% 16
\BOOKMARK [2][-]{subsection.3.7}{\376\377\226\217\147\072\124\021\221\317\166\204\121\375\145\160\123\312\121\166\122\006\136\003}{section.3}% 17
\BOOKMARK [2][-]{subsection.3.8}{\376\377\226\217\147\072\124\021\221\317\166\204\123\330\143\142}{section.3}% 18
\BOOKMARK [2][-]{subsection.3.9}{\376\377\226\217\147\072\123\330\221\317\166\204\121\375\145\160\166\204\162\354\172\313\140\047}{section.3}% 19
\BOOKMARK [1][-]{section.4}{\376\377\145\160\133\127\162\171\137\201\116\016\162\171\137\201\121\375\145\160}{}% 20
\BOOKMARK [2][-]{subsection.4.1}{\376\377\145\160\133\146\147\037\147\033}{section.4}% 21
\BOOKMARK [2][-]{subsection.4.2}{\376\377\145\271\135\356}{section.4}% 22
\BOOKMARK [2][-]{subsection.4.3}{\376\377\166\370\121\163\174\373\145\160}{section.4}% 23
\BOOKMARK [2][-]{subsection.4.4}{\376\377\167\351\000,\000\040\122\006\117\115\145\160\000,\000\040\147\141\116\366\145\160\133\146\147\037\147\033}{section.4}% 24
\BOOKMARK [2][-]{subsection.4.5}{\376\377\161\265\116\016\117\341\140\157}{section.4}% 25
\BOOKMARK [2][-]{subsection.4.6}{\376\377\153\315\121\375\145\160}{section.4}% 26
\BOOKMARK [2][-]{subsection.4.7}{\376\377\162\171\137\201\121\375\145\160}{section.4}% 27
\BOOKMARK [2][-]{subsection.4.8}{\376\377\220\006\217\154\121\154\137\017\116\016\125\057\116\000\140\047\133\232\164\006}{section.4}% 28
\BOOKMARK [1][-]{section.5}{\376\377\147\201\226\120\133\232\164\006}{}% 29
\BOOKMARK [2][-]{subsection.5.1}{\376\377\117\057\122\252\122\051\213\325\232\214\166\204\147\201\226\120\133\232\164\006}{section.5}% 30
\BOOKMARK [2][-]{subsection.5.2}{\376\377\145\066\145\133\140\047}{section.5}% 31
